2025-03-28 09:55:39,346 - INFO - Use pytorch device_name: cuda
2025-03-28 09:55:39,346 - INFO - Load pretrained SentenceTransformer: sentence-transformers/all-MiniLM-L6-v2
2025-03-28 09:55:45,784 - INFO - Anonymized telemetry enabled. See                     https://docs.trychroma.com/telemetry for more information.
2025-03-28 09:55:46,243 - INFO - Chroma vector store initialized
2025-03-28 09:55:52,185 - INFO - Use pytorch device_name: cuda
2025-03-28 09:55:52,185 - INFO - Load pretrained SentenceTransformer: sentence-transformers/all-MiniLM-L6-v2
2025-03-28 09:55:59,676 - INFO - Anonymized telemetry enabled. See                     https://docs.trychroma.com/telemetry for more information.
2025-03-28 09:56:00,013 - INFO - Chroma vector store initialized
2025-03-28 18:48:42,833 - INFO - Using device: cuda
2025-03-28 18:48:42,924 - INFO - Load pretrained SentenceTransformer: sentence-transformers/all-mpnet-base-v2
2025-03-28 18:49:10,429 - INFO - Embedding model (all-mpnet-base-v2) loaded
2025-03-28 18:51:49,081 - INFO - Using device: cuda
2025-03-28 18:51:49,176 - INFO - Load pretrained SentenceTransformer: sentence-transformers/all-mpnet-base-v2
2025-03-28 18:51:54,509 - INFO - Embedding model (all-mpnet-base-v2) loaded
2025-03-28 18:52:00,828 - INFO - CodeT5-base model loaded on GPU
2025-03-28 18:52:01,695 - INFO - Anonymized telemetry enabled. See                     https://docs.trychroma.com/telemetry for more information.
2025-03-28 18:52:02,419 - INFO - Chroma vector store initialized with all-mpnet-base-v2
2025-03-28 18:52:02,766 - INFO - Generated new code for prompt: Take a screenshot (score: 1.4997410884799731)
2025-03-28 18:53:14,195 - INFO - Using device: cuda
2025-03-28 18:53:14,289 - INFO - Load pretrained SentenceTransformer: sentence-transformers/all-mpnet-base-v2
2025-03-28 18:53:19,919 - INFO - Embedding model (all-mpnet-base-v2) loaded
2025-03-28 18:53:23,536 - INFO - CodeT5-base model loaded on GPU
2025-03-28 18:53:23,939 - INFO - Anonymized telemetry enabled. See                     https://docs.trychroma.com/telemetry for more information.
2025-03-28 18:53:24,361 - INFO - Chroma vector store initialized with all-mpnet-base-v2
2025-03-28 18:53:24,598 - INFO - Generated new code for prompt: Take a screenshot (score: 1.4997410884799731)
2025-03-28 18:55:50,312 - INFO - Using device: cuda
2025-03-28 18:55:50,419 - INFO - Load pretrained SentenceTransformer: sentence-transformers/all-mpnet-base-v2
2025-03-28 18:55:55,730 - INFO - Embedding model (all-mpnet-base-v2) loaded
2025-03-28 18:56:00,225 - INFO - CodeT5-base model loaded on GPU
2025-03-28 18:56:00,869 - INFO - Anonymized telemetry enabled. See                     https://docs.trychroma.com/telemetry for more information.
2025-03-28 18:56:01,430 - INFO - Chroma vector store initialized with all-mpnet-base-v2
2025-03-28 18:56:01,800 - INFO - Generated new code for prompt: Take a screenshot (score: 1.4997410884799731)
2025-03-28 18:57:44,646 - INFO - Using device: cuda
2025-03-28 18:57:44,776 - INFO - Load pretrained SentenceTransformer: sentence-transformers/all-mpnet-base-v2
2025-03-28 18:57:49,004 - INFO - Embedding model (all-mpnet-base-v2) loaded
2025-03-28 18:57:53,704 - INFO - CodeT5-base model loaded on GPU
2025-03-28 18:57:54,071 - INFO - Anonymized telemetry enabled. See                     https://docs.trychroma.com/telemetry for more information.
2025-03-28 18:57:54,802 - INFO - Chroma vector store initialized with all-mpnet-base-v2
2025-03-28 18:57:54,803 - INFO - API starting with device: cuda
2025-03-28 18:57:55,996 - INFO - Processing prompt: Launch Google Chrome
2025-03-28 18:57:56,350 - INFO - Generated new code for prompt: Launch Google Chrome (score: 0.8417938524588999)
2025-03-28 18:57:56,350 - INFO - Generated response for prompt: Launch Google Chrome
2025-03-28 18:58:24,038 - INFO - Processing prompt: Launch Google Chrome
2025-03-28 18:58:24,151 - INFO - Generated new code for prompt: Launch Google Chrome (score: 0.8417938524588999)
2025-03-28 18:58:24,151 - INFO - Generated response for prompt: Launch Google Chrome
2025-03-28 18:59:35,070 - INFO - Using device: cuda
2025-03-28 18:59:35,169 - INFO - Load pretrained SentenceTransformer: sentence-transformers/all-mpnet-base-v2
2025-03-28 18:59:41,462 - INFO - Embedding model (all-mpnet-base-v2) loaded
2025-03-28 19:00:24,008 - INFO - Using device: cuda
2025-03-28 19:00:24,098 - INFO - Load pretrained SentenceTransformer: sentence-transformers/all-mpnet-base-v2
2025-03-28 19:00:30,358 - INFO - Embedding model (all-mpnet-base-v2) loaded
2025-03-28 19:00:34,502 - INFO - CodeT5-base model loaded on GPU
2025-03-28 19:00:34,792 - INFO - Anonymized telemetry enabled. See                     https://docs.trychroma.com/telemetry for more information.
2025-03-28 19:00:35,422 - INFO - Chroma vector store initialized with all-mpnet-base-v2
2025-03-28 19:00:35,423 - INFO - API starting with device: cuda
2025-03-28 19:00:39,829 - INFO - Processing prompt: Launch Google Chrome
2025-03-28 19:00:39,861 - INFO - Similarity search for 'Launch Google Chrome': matched 'Opens Google Chrome browser to Google homepage' with score 0.8417938524588999
2025-03-28 19:00:40,598 - INFO - Generated code for prompt 'Launch Google Chrome': function( ) { return}
2025-03-28 19:00:40,598 - INFO - Generated new code for prompt: Launch Google Chrome (score: 0.8417938524588999)
2025-03-28 19:00:40,598 - INFO - Generated response for prompt: Launch Google Chrome
2025-03-28 19:02:59,329 - INFO - Using device: cuda
2025-03-28 19:02:59,436 - INFO - Load pretrained SentenceTransformer: sentence-transformers/all-mpnet-base-v2
2025-03-28 19:03:05,428 - INFO - Embedding model (all-mpnet-base-v2) loaded
2025-03-28 19:03:09,791 - INFO - CodeT5-base model loaded on GPU
2025-03-28 19:03:10,138 - INFO - Anonymized telemetry enabled. See                     https://docs.trychroma.com/telemetry for more information.
2025-03-28 19:03:10,947 - INFO - Chroma vector store initialized with all-mpnet-base-v2
2025-03-28 19:03:10,948 - INFO - API starting with device: cuda
2025-03-28 19:03:17,435 - INFO - Using device: cuda
2025-03-28 19:03:17,554 - INFO - Load pretrained SentenceTransformer: sentence-transformers/all-mpnet-base-v2
2025-03-28 19:03:45,722 - INFO - Using device: cuda
2025-03-28 19:03:45,816 - INFO - Load pretrained SentenceTransformer: sentence-transformers/all-mpnet-base-v2
2025-03-28 19:03:52,296 - INFO - Embedding model (all-mpnet-base-v2) loaded
2025-03-28 19:03:56,162 - INFO - CodeT5-base model loaded on GPU
2025-03-28 19:03:56,390 - INFO - Anonymized telemetry enabled. See                     https://docs.trychroma.com/telemetry for more information.
2025-03-28 19:03:56,771 - INFO - Chroma vector store initialized with all-mpnet-base-v2
2025-03-28 19:03:56,771 - INFO - API starting with device: cuda
2025-03-28 19:03:59,354 - INFO - Processing prompt: Launch Google Chrome
2025-03-28 19:03:59,388 - INFO - Similarity search for 'Launch Google Chrome': matched 'Opens Google Chrome browser to Google homepage' with score 0.8417938524588999
2025-03-28 19:03:59,388 - INFO - Retrieved function: open_chrome (score: 0.8417938524588999)
2025-03-28 19:03:59,389 - INFO - Generated response for prompt: Launch Google Chrome
2025-03-28 19:04:15,535 - INFO - Processing prompt: Launch Visual Studio
2025-03-28 19:04:15,555 - INFO - Similarity search for 'Launch Visual Studio': matched 'Opens the Notepad application' with score 1.2884302184795562
2025-03-28 19:04:15,918 - INFO - Generated code for prompt 'Launch Visual Studio':  public void
2025-03-28 19:04:15,918 - INFO - Generated new code for prompt: Launch Visual Studio (score: 1.2884302184795562)
2025-03-28 19:04:15,918 - INFO - Generated response for prompt: Launch Visual Studio
2025-03-28 19:04:29,513 - INFO - Processing prompt: Take Screenshot
2025-03-28 19:04:29,527 - INFO - Similarity search for 'Take Screenshot': matched 'Opens the Notepad application' with score 1.5291865516909564
2025-03-28 19:04:30,015 - INFO - Generated code for prompt 'Take Screenshot':  publicfunctionscreenshot_generated_sequenceGenerate (screenshot_generated_sequenceGeneratescreenshot_generated_sequenceGeneratescreenshot_generated_sequenceGenerate ( )
2025-03-28 19:04:30,015 - INFO - Generated new code for prompt: Take Screenshot (score: 1.5291865516909564)
2025-03-28 19:04:30,015 - INFO - Generated response for prompt: Take Screenshot
2025-03-28 19:04:36,595 - INFO - Processing prompt: Launch Visual Studio
2025-03-28 19:04:36,609 - INFO - Similarity search for 'Launch Visual Studio': matched 'Opens the Notepad application' with score 1.2884302184795562
2025-03-28 19:04:36,886 - INFO - Generated code for prompt 'Launch Visual Studio': ()()( )( ) ; }
2025-03-28 19:04:36,886 - INFO - Generated new code for prompt: Launch Visual Studio (score: 1.2884302184795562)
2025-03-28 19:04:36,887 - INFO - Generated response for prompt: Launch Visual Studio
2025-03-28 19:04:41,598 - INFO - Processing prompt: Launch Google Chrome
2025-03-28 19:04:41,611 - INFO - Similarity search for 'Launch Google Chrome': matched 'Opens Google Chrome browser to Google homepage' with score 0.8417938524588999
2025-03-28 19:04:41,611 - INFO - Retrieved function: open_chrome (score: 0.8417938524588999)
2025-03-28 19:04:41,611 - INFO - Generated response for prompt: Launch Google Chrome
2025-03-28 19:05:56,319 - INFO - Using device: cuda
2025-03-28 19:05:56,404 - INFO - Load pretrained SentenceTransformer: sentence-transformers/all-mpnet-base-v2
2025-03-28 19:06:02,876 - INFO - Embedding model (all-mpnet-base-v2) loaded
2025-03-28 19:06:18,361 - INFO - Using device: cuda
2025-03-28 19:06:18,457 - INFO - Load pretrained SentenceTransformer: sentence-transformers/all-mpnet-base-v2
2025-03-28 19:06:25,695 - INFO - Embedding model (all-mpnet-base-v2) loaded
2025-03-28 19:06:29,865 - INFO - CodeT5-base model loaded on GPU
2025-03-28 19:06:30,146 - INFO - Anonymized telemetry enabled. See                     https://docs.trychroma.com/telemetry for more information.
2025-03-28 19:06:31,723 - INFO - Chroma vector store initialized with all-mpnet-base-v2
2025-03-28 19:06:31,724 - INFO - API starting with device: cuda
2025-03-28 19:06:35,071 - INFO - Processing prompt: Launch Google Chrome
2025-03-28 19:06:35,110 - INFO - Similarity search for 'Launch Google Chrome': matched 'Opens Google Chrome browser to Google homepage' with score 0.8417938524588999
2025-03-28 19:06:35,110 - INFO - Retrieved function: open_chrome (score: 0.8417938524588999)
2025-03-28 19:06:35,111 - INFO - Generated response for prompt: Launch Google Chrome
2025-03-28 19:06:46,778 - INFO - Processing prompt: Take a screenshot
2025-03-28 19:06:46,792 - INFO - Similarity search for 'Take a screenshot': matched 'Opens the Notepad application' with score 1.4997410884799731
2025-03-28 19:06:47,212 - INFO - Generated code for prompt 'Take a screenshot':  public void(
2025-03-28 19:06:47,212 - INFO - Generated new code for prompt: Take a screenshot (score: 1.4997410884799731)
2025-03-28 19:06:47,213 - INFO - Generated response for prompt: Take a screenshot
2025-03-28 19:07:14,318 - INFO - Processing prompt: Launch Calulator
2025-03-28 19:07:14,351 - INFO - Similarity search for 'Launch Calulator': matched 'Launches the calculator application' with score 0.6469488584004062
2025-03-28 19:07:14,351 - INFO - Retrieved function: open_calculator (score: 0.6469488584004062)
2025-03-28 19:07:14,351 - INFO - Generated response for prompt: Launch Calulator
2025-03-28 19:07:57,716 - INFO - Processing prompt: Open a new tab in the browser
2025-03-28 19:07:57,751 - INFO - Similarity search for 'Open a new tab in the browser': matched 'Opens Google Chrome browser to Google homepage' with score 1.1382709980638201
2025-03-28 19:07:58,039 - INFO - Generated code for prompt 'Open a new tab in the browser': ().......
2025-03-28 19:07:58,039 - INFO - Generated new code for prompt: Open a new tab in the browser (score: 1.1382709980638201)
2025-03-28 19:07:58,040 - INFO - Generated response for prompt: Open a new tab in the browser
2025-03-28 19:53:01,952 - INFO - Using device: cuda
2025-03-28 19:53:02,060 - INFO - Load pretrained SentenceTransformer: sentence-transformers/all-mpnet-base-v2
2025-03-28 19:53:07,901 - INFO - Embedding model (all-mpnet-base-v2) loaded
2025-03-28 19:53:13,393 - INFO - CodeT5-base model loaded on GPU
2025-03-28 19:53:14,497 - INFO - Anonymized telemetry enabled. See                     https://docs.trychroma.com/telemetry for more information.
2025-03-28 19:53:15,925 - INFO - Chroma vector store initialized with all-mpnet-base-v2
2025-03-28 19:53:16,008 - INFO - Similarity search for 'Take a screenshot': matched 'Opens the Notepad application' with score 1.4997410884799731
2025-03-28 19:53:17,991 - INFO - Generated code for prompt 'Take a screenshot':  public static void( ) {( ) ;( ) ; }( ) ;( ) ; }( ) ;( ) ;( ) ; }( ) ;( ) ; }( ) ;( ) ;( ) ; }( ) ; }( ) ;( ) ; }( ) ;( ) ; }( ) ;( ) ;( ) ;
2025-03-28 19:53:17,991 - INFO - Generated new code for prompt: Take a screenshot (score: 1.4997410884799731)
2025-03-28 19:58:26,291 - INFO - Using device: cuda
2025-03-28 19:58:26,403 - INFO - Load pretrained SentenceTransformer: sentence-transformers/all-mpnet-base-v2
2025-03-28 19:58:32,212 - INFO - Embedding model (all-mpnet-base-v2) loaded
2025-03-28 19:58:36,087 - INFO - CodeT5-base model loaded on GPU
2025-03-28 19:58:36,564 - INFO - Anonymized telemetry enabled. See                     https://docs.trychroma.com/telemetry for more information.
2025-03-28 19:58:37,068 - INFO - Chroma vector store initialized with all-mpnet-base-v2
2025-03-28 19:58:37,113 - INFO - Similarity search for 'Take a screenshot': matched 'Opens the Notepad application' with score 1.4997410884799731
2025-03-28 19:58:40,869 - INFO - Generated code for prompt 'Take a screenshot':  public static void( ) {( ) ;( ) ; }( ) ;( ) ; }( ) ;( ) ;( ) ; }( ) ;( ) ; }( ) ;( ) ;( ) ; }( ) ; }( ) ;( ) ; }( ) ;( ) ; }( ) ;( ) ;( ) ;
2025-03-28 19:58:40,869 - INFO - Generated new code for prompt: Take a screenshot (score: 1.4997410884799731)
2025-03-28 19:58:53,816 - INFO - Using device: cuda
2025-03-28 19:58:53,925 - INFO - Load pretrained SentenceTransformer: sentence-transformers/all-mpnet-base-v2
2025-03-28 19:58:59,536 - INFO - Embedding model (all-mpnet-base-v2) loaded
2025-03-28 19:59:02,511 - INFO - CodeT5-base model loaded on GPU
2025-03-28 19:59:02,755 - INFO - Anonymized telemetry enabled. See                     https://docs.trychroma.com/telemetry for more information.
2025-03-28 19:59:03,164 - INFO - Chroma vector store initialized with all-mpnet-base-v2
2025-03-28 19:59:03,165 - INFO - API starting with device: cuda
2025-03-28 19:59:50,968 - INFO - Using device: cuda
2025-03-28 19:59:51,089 - INFO - Load pretrained SentenceTransformer: sentence-transformers/all-mpnet-base-v2
2025-03-28 19:59:57,314 - INFO - Embedding model (all-mpnet-base-v2) loaded
2025-03-28 20:00:02,283 - INFO - CodeT5-base model loaded on GPU
2025-03-28 20:00:02,600 - INFO - Anonymized telemetry enabled. See                     https://docs.trychroma.com/telemetry for more information.
2025-03-28 20:00:03,205 - INFO - Chroma vector store initialized with all-mpnet-base-v2
2025-03-28 20:00:03,207 - INFO - API starting with device: cuda
2025-03-28 20:00:35,348 - INFO - Processing prompt: Open chrome
2025-03-28 20:00:35,410 - INFO - Similarity search for 'Open chrome': matched 'Opens Google Chrome browser to Google homepage' with score 0.9351739401128247
2025-03-28 20:00:39,256 - INFO - Generated code for prompt 'Open chrome':  public static void( ) {( ) ;( ) ; }( ) ; }( ) ;( ) ; }( ) ;( ) ; }( ) ;( ) ; }( ) ;( ) ;( ) ;( ) ; }( ) ; }( ) ;( ) ;( ) ; }( ) ;( ) ; }( )
2025-03-28 20:00:39,256 - INFO - Generated new code for prompt: Open chrome (score: 0.9351739401128247)
2025-03-28 20:00:39,257 - INFO - Generated response for prompt: Open chrome
2025-03-28 20:00:48,384 - INFO - Processing prompt: Open google
2025-03-28 20:00:48,432 - INFO - Similarity search for 'Open google': matched 'Opens Google Chrome browser to Google homepage' with score 1.3780353839053208
2025-03-28 20:00:48,842 - INFO - Generated code for prompt 'Open google':  public class{}
2025-03-28 20:00:48,842 - INFO - Generated new code for prompt: Open google (score: 1.3780353839053208)
2025-03-28 20:00:48,842 - INFO - Generated response for prompt: Open google
2025-03-28 20:01:05,675 - INFO - Using device: cuda
2025-03-28 20:01:05,788 - INFO - Load pretrained SentenceTransformer: sentence-transformers/all-mpnet-base-v2
2025-03-28 20:01:12,466 - INFO - Embedding model (all-mpnet-base-v2) loaded
2025-03-28 20:01:16,786 - INFO - CodeT5-base model loaded on GPU
2025-03-28 20:01:17,128 - INFO - Anonymized telemetry enabled. See                     https://docs.trychroma.com/telemetry for more information.
2025-03-28 20:01:17,717 - INFO - Chroma vector store initialized with all-mpnet-base-v2
2025-03-28 20:01:17,718 - INFO - API starting with device: cuda
2025-03-28 20:01:17,723 - INFO - Processing prompt: Open google
2025-03-28 20:01:17,762 - INFO - Similarity search for 'Open google': matched 'Opens Google Chrome browser to Google homepage' with score 1.3780353839053208
2025-03-28 20:01:18,326 - INFO - Generated code for prompt 'Open google':  publicfunction(
2025-03-28 20:01:18,326 - INFO - Generated new code for prompt: Open google (score: 1.3780353839053208)
2025-03-28 20:01:18,327 - INFO - Generated response for prompt: Open google
2025-03-28 20:01:22,675 - INFO - Processing prompt: Open google
2025-03-28 20:01:22,700 - INFO - Similarity search for 'Open google': matched 'Opens Google Chrome browser to Google homepage' with score 1.3780353839053208
2025-03-28 20:01:22,892 - INFO - Generated code for prompt 'Open google':  public void
2025-03-28 20:01:22,893 - INFO - Generated new code for prompt: Open google (score: 1.3780353839053208)
2025-03-28 20:01:22,893 - INFO - Generated response for prompt: Open google
2025-03-28 20:02:00,240 - INFO - Using device: cuda
2025-03-28 20:02:00,339 - INFO - Load pretrained SentenceTransformer: sentence-transformers/all-mpnet-base-v2
2025-03-28 20:02:05,862 - INFO - Embedding model (all-mpnet-base-v2) loaded
2025-03-28 20:02:10,005 - INFO - CodeT5-base model loaded on GPU
2025-03-28 20:02:10,283 - INFO - Anonymized telemetry enabled. See                     https://docs.trychroma.com/telemetry for more information.
2025-03-28 20:02:11,059 - INFO - Chroma vector store initialized with all-mpnet-base-v2
2025-03-28 20:02:11,059 - INFO - API starting with device: cuda
2025-03-28 20:02:20,650 - INFO - Processing prompt: Open google
2025-03-28 20:02:20,691 - INFO - Similarity search for 'Open google': matched 'Opens Google Chrome browser to Google homepage' with score 1.3780353839053208
2025-03-28 20:02:21,817 - INFO - Generated code for prompt 'Open google': 
2025-03-28 20:02:21,818 - INFO - Generated new code for prompt: Open google (score: 1.3780353839053208)
2025-03-28 20:02:21,818 - INFO - Generated response for prompt: Open google
2025-03-28 20:02:26,447 - INFO - Processing prompt: Open chrome
2025-03-28 20:02:26,484 - INFO - Similarity search for 'Open chrome': matched 'Opens Google Chrome browser to Google homepage' with score 0.9351739401128247
2025-03-28 20:02:26,873 - INFO - Generated code for prompt 'Open chrome':  public void( )
2025-03-28 20:02:26,873 - INFO - Generated new code for prompt: Open chrome (score: 0.9351739401128247)
2025-03-28 20:02:26,873 - INFO - Generated response for prompt: Open chrome
2025-03-28 20:02:53,129 - INFO - Processing prompt: Launch Google Chrome
2025-03-28 20:02:53,184 - INFO - Similarity search for 'Launch Google Chrome': matched 'Opens Google Chrome browser to Google homepage' with score 0.8417938524588999
2025-03-28 20:02:53,184 - INFO - Retrieved function: open_chrome (score: 0.8417938524588999)
2025-03-28 20:02:53,184 - INFO - Generated response for prompt: Launch Google Chrome
2025-03-28 20:03:03,942 - INFO - Processing prompt: Take a screenshot
2025-03-28 20:03:03,972 - INFO - Similarity search for 'Take a screenshot': matched 'Opens the Notepad application' with score 1.4997410884799731
2025-03-28 20:03:04,994 - INFO - Generated code for prompt 'Take a screenshot':  public class{...... screenshot ( ) ;.. screenshot ( ) ;
2025-03-28 20:03:04,994 - INFO - Generated new code for prompt: Take a screenshot (score: 1.4997410884799731)
2025-03-28 20:03:04,994 - INFO - Generated response for prompt: Take a screenshot
2025-03-28 20:03:17,215 - INFO - Processing prompt: Open a new tab in the browser
2025-03-28 20:03:17,248 - INFO - Similarity search for 'Open a new tab in the browser': matched 'Opens Google Chrome browser to Google homepage' with score 1.1382709980638201
2025-03-28 20:03:20,676 - INFO - Generated code for prompt 'Open a new tab in the browser':  public class{( ) ;( ) ;( ) ;( ) ;( ) ; }( ) ;( ) ;( ) ;( ) ;( ) ;( ) ;( ) ; }( ) ;( ) ; }) ;( ) ;( ) ;( ) ;( ) ;( ) ;( ) ;() ;
2025-03-28 20:03:20,677 - INFO - Generated new code for prompt: Open a new tab in the browser (score: 1.1382709980638201)
2025-03-28 20:03:20,677 - INFO - Generated response for prompt: Open a new tab in the browser
2025-03-28 20:04:13,134 - INFO - Using device: cuda
2025-03-28 20:04:13,240 - INFO - Load pretrained SentenceTransformer: sentence-transformers/all-mpnet-base-v2
2025-03-28 20:04:19,255 - INFO - Embedding model (all-mpnet-base-v2) loaded
2025-03-28 20:04:23,469 - INFO - CodeT5-base model loaded on GPU
2025-03-28 20:04:23,738 - INFO - Anonymized telemetry enabled. See                     https://docs.trychroma.com/telemetry for more information.
2025-03-28 20:04:24,552 - INFO - Chroma vector store initialized with all-mpnet-base-v2
2025-03-28 20:04:24,554 - INFO - API starting with device: cuda
2025-03-28 20:04:31,562 - INFO - Processing prompt: Run a shell command
2025-03-28 20:04:31,608 - INFO - Similarity search for 'Run a shell command': matched 'Launches the calculator application' with score 1.4470773007562077
2025-03-28 20:04:35,416 - INFO - Generated code for prompt 'Run a shell command':  public static void( ) {( ) ;( ) ; }( ) ;( ) ; }( ) ; }( ) ;( ) ; }( ) ;( ) ; }( ) ;( ) ; }( ) ; }( ) ;( ) ; }( ) ; }( ) ; }( ) ;( ) ; }( ) ; }
2025-03-28 20:04:35,416 - INFO - Generated new code for prompt: Run a shell command (score: 1.4470773007562077)
2025-03-28 20:04:35,417 - INFO - Generated response for prompt: Run a shell command
2025-03-28 20:04:48,640 - INFO - Processing prompt: Download a webpage
2025-03-28 20:04:48,682 - INFO - Similarity search for 'Download a webpage': matched 'Opens Google Chrome browser to Google homepage' with score 1.558481383994618
2025-03-28 20:04:49,463 - INFO - Generated code for prompt 'Download a webpage':  public void( ) {}
2025-03-28 20:04:49,463 - INFO - Generated new code for prompt: Download a webpage (score: 1.558481383994618)
2025-03-28 20:04:49,463 - INFO - Generated response for prompt: Download a webpage
2025-03-28 20:04:54,949 - INFO - Processing prompt: Download a webpage
2025-03-28 20:04:54,978 - INFO - Similarity search for 'Download a webpage': matched 'Opens Google Chrome browser to Google homepage' with score 1.558481383994618
2025-03-28 20:04:58,356 - INFO - Generated code for prompt 'Download a webpage':  public void( ) {custom_generated
Writecustom_generated
Writecustom_generated
Writecustom_generated
Writecustom_generated
Writecustom_generated
Writecustom_generated
Writecustom_generated
Writecustom_generated
Writecustom_generated
Writecustom_generated
Writecustom_generated
Writecustom_generated
Writecustom_generated
Writecustom_generated
Write
2025-03-28 20:04:58,356 - INFO - Generated new code for prompt: Download a webpage (score: 1.558481383994618)
2025-03-28 20:04:58,356 - INFO - Generated response for prompt: Download a webpage
2025-03-28 20:04:59,891 - INFO - Processing prompt: Open a new tab in the browser
2025-03-28 20:04:59,920 - INFO - Similarity search for 'Open a new tab in the browser': matched 'Opens Google Chrome browser to Google homepage' with score 1.1382709980638201
2025-03-28 20:05:03,318 - INFO - Generated code for prompt 'Open a new tab in the browser':  public void( ) {( ) ; }( ) ;( ) ;( ) ;( ) ;( ) ;( ) ; }( ) ;( ) ;( ) ;( ) ;( ) ;( ) ;( ) ;( ) ;( ) ;( ) ;( ) ;( ) ;( ) ;( ) ;( )
2025-03-28 20:05:03,318 - INFO - Generated new code for prompt: Open a new tab in the browser (score: 1.1382709980638201)
2025-03-28 20:05:03,318 - INFO - Generated response for prompt: Open a new tab in the browser
2025-03-28 20:30:05,781 - INFO - Using device: cuda
2025-03-28 20:30:05,880 - INFO - Load pretrained SentenceTransformer: sentence-transformers/all-mpnet-base-v2
2025-03-28 20:30:11,826 - INFO - Embedding model (all-mpnet-base-v2) loaded
2025-03-28 20:30:16,308 - INFO - CodeT5-base model loaded on GPU
2025-03-28 20:30:16,761 - INFO - Anonymized telemetry enabled. See                     https://docs.trychroma.com/telemetry for more information.
2025-03-28 20:33:53,954 - INFO - Using device: cuda
2025-03-28 20:33:54,055 - INFO - Load pretrained SentenceTransformer: sentence-transformers/all-mpnet-base-v2
2025-03-28 20:34:00,821 - INFO - Embedding model (all-mpnet-base-v2) loaded
2025-03-28 20:34:05,956 - INFO - CodeT5-base model loaded on GPU
2025-03-28 20:34:06,565 - INFO - Anonymized telemetry enabled. See                     https://docs.trychroma.com/telemetry for more information.
2025-03-28 20:34:06,965 - INFO - Chroma vector store initialized dynamically with 7 functions: ['create_text_file', 'get_cpu_usage', 'get_ram_usage', 'open_calculator', 'open_chrome', 'open_notepad', 'run_shell_command']
2025-03-28 20:34:06,998 - INFO - Similarity search for 'Take a screenshot': matched 'Opens the Notepad application.' with score 1.3038749129309228
2025-03-28 20:34:10,883 - INFO - Generated code for prompt 'Take a screenshot':  public static void( ) {( ) ;( ) ; }( ) ;( ) ; }( ) ;( ) ;( ) ; }( ) ;( ) ; }( ) ;( ) ;( ) ; }( ) ; }( ) ;( ) ; }( ) ;( ) ; }( ) ;( ) ;( ) ;
2025-03-28 20:34:10,883 - INFO - Generated new code for prompt: Take a screenshot (score: 1.3038749129309228)
2025-03-28 20:34:24,598 - INFO - Using device: cuda
2025-03-28 20:34:24,704 - INFO - Load pretrained SentenceTransformer: sentence-transformers/all-mpnet-base-v2
2025-03-28 20:34:29,299 - INFO - Embedding model (all-mpnet-base-v2) loaded
2025-03-28 20:34:32,635 - INFO - CodeT5-base model loaded on GPU
2025-03-28 20:34:33,077 - INFO - Anonymized telemetry enabled. See                     https://docs.trychroma.com/telemetry for more information.
2025-03-28 20:34:33,770 - INFO - Chroma vector store initialized dynamically with 7 functions: ['create_text_file', 'get_cpu_usage', 'get_ram_usage', 'open_calculator', 'open_chrome', 'open_notepad', 'run_shell_command']
2025-03-28 20:34:33,809 - INFO - Similarity search for 'Take a screenshot': matched 'Opens the Notepad application.' with score 1.3038749129309228
2025-03-28 20:34:38,277 - INFO - Generated code for prompt 'Take a screenshot':  public static void( ) {( ) ;( ) ; }( ) ;( ) ; }( ) ;( ) ;( ) ; }( ) ;( ) ; }( ) ;( ) ;( ) ; }( ) ; }( ) ;( ) ; }( ) ;( ) ; }( ) ;( ) ;( ) ;
2025-03-28 20:34:38,278 - INFO - Generated new code for prompt: Take a screenshot (score: 1.3038749129309228)
2025-03-28 20:36:48,126 - INFO - Using device: cuda
2025-03-28 20:36:48,234 - INFO - Load pretrained SentenceTransformer: sentence-transformers/all-mpnet-base-v2
2025-03-28 20:36:53,573 - INFO - Embedding model (all-mpnet-base-v2) loaded
2025-03-28 20:36:57,747 - INFO - CodeT5-base model loaded on GPU
2025-03-28 20:36:58,321 - INFO - Anonymized telemetry enabled. See                     https://docs.trychroma.com/telemetry for more information.
2025-03-28 20:36:59,421 - INFO - Chroma vector store initialized dynamically with 7 functions: ['create_text_file', 'get_cpu_usage', 'get_ram_usage', 'open_calculator', 'open_chrome', 'open_notepad', 'run_shell_command']
2025-03-28 20:36:59,477 - INFO - Similarity search for 'Take a screenshot': matched 'Opens the Notepad application.' with score 1.3038749129309228
2025-03-28 20:37:02,087 - INFO - Generated code for prompt 'Take a screenshot': ............) ; }.) ; }.) ; }( ) ; }
2025-03-28 20:37:02,094 - INFO - Generated new code for prompt: Take a screenshot (score: 1.3038749129309228)
2025-03-28 20:37:02,125 - INFO - Similarity search for 'Get CPU usage': matched 'Returns the current CPU usage percentage.' with score 0.38458551631241433
2025-03-28 20:37:02,125 - INFO - Retrieved function: get_cpu_usage (score: 0.38458551631241433)
2025-03-28 20:37:02,151 - INFO - Similarity search for 'Create a file named test.txt': matched 'Creates a text file with the given filename and content.' with score 0.4890868150269948
2025-03-28 20:37:02,151 - INFO - Retrieved function: create_text_file (score: 0.4890868150269948)
2025-03-28 20:37:02,180 - INFO - Similarity search for 'Download a file from https://example.com': matched 'Creates a text file with the given filename and content.' with score 1.6162883985854577
2025-03-28 20:37:04,411 - INFO - Generated code for prompt 'Download a file from https://example.com': ..........................
2025-03-28 20:37:04,418 - INFO - Generated new code for prompt: Download a file from https://example.com (score: 1.6162883985854577)
2025-03-28 20:39:03,063 - INFO - Using device: cuda
2025-03-28 20:39:03,162 - INFO - Load pretrained SentenceTransformer: sentence-transformers/all-mpnet-base-v2
2025-03-28 20:39:09,143 - INFO - Embedding model (all-mpnet-base-v2) loaded
2025-03-28 20:39:14,085 - INFO - CodeT5-base model loaded on GPU
2025-03-28 20:39:14,556 - INFO - Anonymized telemetry enabled. See                     https://docs.trychroma.com/telemetry for more information.
2025-03-28 20:39:15,243 - INFO - Chroma vector store initialized dynamically with 7 functions: ['create_text_file', 'get_cpu_usage', 'get_ram_usage', 'open_calculator', 'open_chrome', 'open_notepad', 'run_shell_command']
2025-03-28 20:39:15,347 - INFO - Similarity search for 'Take a screenshot': matched 'Opens the Notepad application.' with score 1.3038749129309228
2025-03-28 20:39:17,277 - INFO - Generated code for prompt 'Take a screenshot': ............) ; }.) ; }.) ; }( ) ; }
2025-03-28 20:39:17,277 - INFO - Generated new code for prompt: Take a screenshot (score: 1.3038749129309228)
2025-03-28 20:39:17,300 - INFO - Similarity search for 'Get CPU usage': matched 'Returns the current CPU usage percentage.' with score 0.38458551631241433
2025-03-28 20:39:17,300 - INFO - Retrieved function: get_cpu_usage (score: 0.38458551631241433)
2025-03-28 20:39:17,313 - INFO - Similarity search for 'Create a file named test.txt': matched 'Creates a text file with the given filename and content.' with score 0.4890868150269948
2025-03-28 20:39:17,313 - INFO - Retrieved function: create_text_file (score: 0.4890868150269948)
2025-03-28 20:39:17,327 - INFO - Similarity search for 'Download a file from https://example.com': matched 'Creates a text file with the given filename and content.' with score 1.6162883985854577
2025-03-28 20:39:18,128 - INFO - Generated code for prompt 'Download a file from https://example.com': ..........................
2025-03-28 20:39:18,128 - INFO - Generated new code for prompt: Download a file from https://example.com (score: 1.6162883985854577)
2025-03-28 20:42:38,009 - INFO - Using device: cuda
2025-03-28 20:42:38,140 - INFO - Load pretrained SentenceTransformer: sentence-transformers/all-mpnet-base-v2
2025-03-28 20:42:43,752 - INFO - Embedding model (all-mpnet-base-v2) loaded
2025-03-28 20:42:49,889 - INFO - CodeT5-base model loaded on GPU
2025-03-28 20:42:50,202 - INFO - Anonymized telemetry enabled. See                     https://docs.trychroma.com/telemetry for more information.
2025-03-28 20:42:51,862 - INFO - Chroma vector store initialized dynamically with 7 functions: ['create_text_file', 'get_cpu_usage', 'get_ram_usage', 'open_calculator', 'open_chrome', 'open_notepad', 'run_shell_command']
2025-03-28 20:42:51,862 - INFO - API starting with device: cuda
2025-03-28 20:44:18,627 - INFO - Processing prompt: Get CPU usage
2025-03-28 20:44:18,803 - INFO - Similarity search for 'Get CPU usage': matched 'Returns the current CPU usage percentage.' with score 0.38458551631241433
2025-03-28 20:44:18,803 - INFO - Retrieved function: get_cpu_usage (score: 0.38458551631241433)
2025-03-28 20:44:18,804 - INFO - Generated response for prompt: Get CPU usage
2025-03-28 20:44:34,752 - INFO - Processing prompt: Create a file named test.txt
2025-03-28 20:44:34,771 - INFO - Similarity search for 'Create a file named test.txt': matched 'Creates a text file with the given filename and content.' with score 0.4890868150269948
2025-03-28 20:44:34,771 - INFO - Retrieved function: create_text_file (score: 0.4890868150269948)
2025-03-28 20:44:34,772 - INFO - Generated response for prompt: Create a file named test.txt
2025-03-28 20:44:40,224 - INFO - Processing prompt: Take a screenshot
2025-03-28 20:44:40,238 - INFO - Similarity search for 'Take a screenshot': matched 'Opens the Notepad application.' with score 1.3038749129309228
2025-03-28 20:44:41,511 - INFO - Generated code for prompt 'Take a screenshot': ..........................
2025-03-28 20:44:41,511 - INFO - Generated new code for prompt: Take a screenshot (score: 1.3038749129309228)
2025-03-28 20:44:41,511 - INFO - Generated response for prompt: Take a screenshot
2025-03-28 20:44:54,420 - INFO - Processing prompt: Download a file from https://abcd.com
2025-03-28 20:44:54,441 - INFO - Similarity search for 'Download a file from https://abcd.com': matched 'Opens the Notepad application.' with score 1.5344601715437962
2025-03-28 20:44:55,240 - INFO - Generated code for prompt 'Download a file from https://abcd.com': ..........................
2025-03-28 20:44:55,240 - INFO - Generated new code for prompt: Download a file from https://abcd.com (score: 1.5344601715437962)
2025-03-28 20:44:55,241 - INFO - Generated response for prompt: Download a file from https://abcd.com
2025-03-28 20:51:22,500 - INFO - Processing prompt: Fly to the moon
2025-03-28 20:51:22,542 - INFO - Similarity search for 'Fly to the moon': matched 'Opens Google Chrome browser to Google homepage.' with score 1.6952162981513195
2025-03-28 20:51:23,336 - INFO - Generated code for prompt 'Fly to the moon': ..........................
2025-03-28 20:51:23,336 - INFO - Generated new code for prompt: Fly to the moon (score: 1.6952162981513195)
2025-03-28 20:51:23,336 - INFO - Generated response for prompt: Fly to the moon
2025-03-28 20:51:32,469 - ERROR - Empty prompt received
2025-03-28 20:51:32,470 - ERROR - Error processing prompt '': 400: Prompt cannot be empty
2025-03-28 20:51:57,045 - ERROR - Empty prompt received
2025-03-28 20:51:57,045 - ERROR - Error processing prompt '': 400: Prompt cannot be empty
2025-03-28 20:52:02,059 - INFO - Processing prompt: Download a file from https://abcd.com
2025-03-28 20:52:02,089 - INFO - Similarity search for 'Download a file from https://abcd.com': matched 'Opens the Notepad application.' with score 1.5344601715437962
2025-03-28 20:52:02,911 - INFO - Generated code for prompt 'Download a file from https://abcd.com': ..........................
2025-03-28 20:52:02,911 - INFO - Generated new code for prompt: Download a file from https://abcd.com (score: 1.5344601715437962)
2025-03-28 20:52:02,911 - INFO - Generated response for prompt: Download a file from https://abcd.com
2025-03-28 20:52:47,582 - INFO - Added custom function: open_terminal
2025-03-28 20:52:54,699 - INFO - Added custom function: open_terminal
2025-03-28 20:52:57,551 - INFO - Added custom function: open_terminal
2025-03-28 20:53:09,306 - INFO - Processing prompt: Open the system terminal
2025-03-28 20:53:09,323 - INFO - Similarity search for 'Open the system terminal': matched 'Opens the system terminal' with score 0.2430701679415023
2025-03-28 20:53:09,323 - INFO - Retrieved function: open_terminal (score: 0.2430701679415023)
2025-03-28 20:53:09,323 - INFO - Generated response for prompt: Open the system terminal
2025-03-28 20:53:27,231 - ERROR - Error adding function '': 400: Name and description cannot be empty
2025-03-28 20:59:52,271 - INFO - Processing prompt: Take a screenshot
2025-03-28 20:59:52,310 - INFO - Similarity search for 'Take a screenshot': matched 'Opens the Notepad application.' with score 1.3038749129309228
2025-03-28 20:59:53,142 - INFO - Generated code for prompt 'Take a screenshot': ..........................
2025-03-28 20:59:53,142 - INFO - Generated new code for prompt: Take a screenshot (score: 1.3038749129309228)
2025-03-28 20:59:53,142 - INFO - Generated response for prompt: Take a screenshot
2025-03-28 20:59:55,148 - INFO - Processing prompt: Get CPU usage
2025-03-28 20:59:55,161 - INFO - Similarity search for 'Get CPU usage': matched 'Returns the current CPU usage percentage.' with score 0.38458551631241433
2025-03-28 20:59:55,161 - INFO - Retrieved function: get_cpu_usage (score: 0.38458551631241433)
2025-03-28 20:59:55,161 - INFO - Generated response for prompt: Get CPU usage
2025-03-28 20:59:57,166 - INFO - Processing prompt: Create a file named test.txt
2025-03-28 20:59:57,180 - INFO - Similarity search for 'Create a file named test.txt': matched 'Creates a text file with the given filename and content.' with score 0.4890868150269948
2025-03-28 20:59:57,180 - INFO - Retrieved function: create_text_file (score: 0.4890868150269948)
2025-03-28 20:59:57,180 - INFO - Generated response for prompt: Create a file named test.txt
2025-03-28 20:59:59,183 - INFO - Processing prompt: Download a file from https://example.com
2025-03-28 20:59:59,197 - INFO - Similarity search for 'Download a file from https://example.com': matched 'Creates a text file with the given filename and content.' with score 1.6162883985854577
2025-03-28 21:00:00,613 - INFO - Generated code for prompt 'Download a file from https://example.com': a file named test.txt create_text_file
Writea file from https://abcd.com custom_generateda file from https://abcd.com custom_generateda file from https://abcd.com custom_generateda file from https://abcd.com custom_generateda file from https://abcd.com custom_generateda file from https://abcd.com custom_generateda file from https://
2025-03-28 21:00:00,613 - INFO - Generated new code for prompt: Download a file from https://example.com (score: 1.6162883985854577)
2025-03-28 21:00:00,613 - INFO - Generated response for prompt: Download a file from https://example.com
2025-03-28 21:00:02,618 - INFO - Processing prompt: Open the system terminal
2025-03-28 21:00:02,631 - INFO - Similarity search for 'Open the system terminal': matched 'Opens the system terminal' with score 0.2430701679415023
2025-03-28 21:00:02,631 - INFO - Retrieved function: open_terminal (score: 0.2430701679415023)
2025-03-28 21:00:02,631 - INFO - Generated response for prompt: Open the system terminal
2025-03-28 21:03:25,437 - INFO - Processing prompt: Take a screenshot
2025-03-28 21:03:25,468 - INFO - Similarity search for 'Take a screenshot': matched 'Opens the Notepad application.' with score 1.3038749129309228
2025-03-28 21:03:26,969 - INFO - Generated code for prompt 'Take a screenshot': a file named test.txt create_text_filea file from https://example.com custom_generatedOpen the system terminal open_terminala file from https://example.com custom_generatedOpen the system terminal open_terminal
Write(e.g., os, webbrowser,pyautogui, requests, subprocess,(e.g.,(e.g., os, webbrowser,(e.g.,
2025-03-28 21:03:26,969 - INFO - Generated new code for prompt: Take a screenshot (score: 1.3038749129309228)
2025-03-28 21:03:26,969 - INFO - Generated response for prompt: Take a screenshot
2025-03-28 21:03:28,973 - INFO - Processing prompt: Get CPU usage
2025-03-28 21:03:28,985 - INFO - Similarity search for 'Get CPU usage': matched 'Returns the current CPU usage percentage.' with score 0.38458551631241433
2025-03-28 21:03:28,985 - INFO - Retrieved function: get_cpu_usage (score: 0.38458551631241433)
2025-03-28 21:03:28,986 - INFO - Generated response for prompt: Get CPU usage
2025-03-28 21:03:30,989 - INFO - Processing prompt: Create a file named test.txt
2025-03-28 21:03:31,002 - INFO - Similarity search for 'Create a file named test.txt': matched 'Creates a text file with the given filename and content.' with score 0.4890868150269948
2025-03-28 21:03:31,003 - INFO - Retrieved function: create_text_file (score: 0.4890868150269948)
2025-03-28 21:03:31,003 - INFO - Generated response for prompt: Create a file named test.txt
2025-03-28 21:03:33,007 - INFO - Processing prompt: Download a file from https://example.com
2025-03-28 21:03:33,021 - INFO - Similarity search for 'Download a file from https://example.com': matched 'Creates a text file with the given filename and content.' with score 1.6162883985854577
2025-03-28 21:03:34,531 - INFO - Generated code for prompt 'Download a file from https://example.com': a file from https://abcd.com/abcd.com/abcd.com/abcd.com/abcd.com/abcd.com/abcd.com/abcd.com/abcd.com/abcd.com/abcd.com/abcd.com/abcd.com/abcd.com/abcd.com/abcd.com/abcd.com/abcd.com/abcd
2025-03-28 21:03:34,531 - INFO - Generated new code for prompt: Download a file from https://example.com (score: 1.6162883985854577)
2025-03-28 21:03:34,531 - INFO - Generated response for prompt: Download a file from https://example.com
2025-03-28 21:03:36,535 - INFO - Processing prompt: Open the system terminal
2025-03-28 21:03:36,547 - INFO - Similarity search for 'Open the system terminal': matched 'Opens the system terminal' with score 0.2430701679415023
2025-03-28 21:03:36,548 - INFO - Retrieved function: open_terminal (score: 0.2430701679415023)
2025-03-28 21:03:36,548 - INFO - Generated response for prompt: Open the system terminal
2025-03-28 21:06:36,273 - INFO - Processing prompt: Take a screenshot
2025-03-28 21:06:36,301 - INFO - Similarity search for 'Take a screenshot': matched 'Opens the Notepad application.' with score 1.3038749129309228
2025-03-28 21:06:37,819 - INFO - Generated code for prompt 'Take a screenshot': a file from https://abcd.com/abcd.com/abcd.com/abcd.com/abcd.com/abcd.com/abcd.com/abcd.com/abcd.com/abcd.com/abcd.com/abcd.com/abcd.com/abcd.com/abcd.com/abcd.com/abcd.com/abcd.com/abcd
2025-03-28 21:06:37,819 - INFO - Generated new code for prompt: Take a screenshot (score: 1.3038749129309228)
2025-03-28 21:06:37,819 - INFO - Generated response for prompt: Take a screenshot
2025-03-28 21:06:39,824 - INFO - Processing prompt: Get CPU usage
2025-03-28 21:06:39,837 - INFO - Similarity search for 'Get CPU usage': matched 'Returns the current CPU usage percentage.' with score 0.38458551631241433
2025-03-28 21:06:39,837 - INFO - Retrieved function: get_cpu_usage (score: 0.38458551631241433)
2025-03-28 21:06:39,837 - INFO - Generated response for prompt: Get CPU usage
2025-03-28 21:06:41,841 - INFO - Processing prompt: Create a file named test.txt
2025-03-28 21:06:41,853 - INFO - Similarity search for 'Create a file named test.txt': matched 'Creates a text file with the given filename and content.' with score 0.4890868150269948
2025-03-28 21:06:41,853 - INFO - Retrieved function: create_text_file (score: 0.4890868150269948)
2025-03-28 21:06:41,854 - INFO - Generated response for prompt: Create a file named test.txt
2025-03-28 21:06:43,858 - INFO - Processing prompt: Download a file from https://example.com
2025-03-28 21:06:43,872 - INFO - Similarity search for 'Download a file from https://example.com': matched 'Creates a text file with the given filename and content.' with score 1.6162883985854577
2025-03-28 21:06:45,375 - INFO - Generated code for prompt 'Download a file from https://example.com': a file from https://abcd.com/abcd.com/abcd.com/abcd.com/abcd.com/abcd.com/abcd.com/abcd.com/abcd.com/abcd.com/abcd.com/abcd.com/abcd.com/abcd.com/abcd.com/abcd.com/abcd.com/abcd.com/abcd
2025-03-28 21:06:45,375 - INFO - Generated new code for prompt: Download a file from https://example.com (score: 1.6162883985854577)
2025-03-28 21:06:45,375 - INFO - Generated response for prompt: Download a file from https://example.com
2025-03-28 21:06:47,378 - INFO - Processing prompt: Open the system terminal
2025-03-28 21:06:47,391 - INFO - Similarity search for 'Open the system terminal': matched 'Opens the system terminal' with score 0.2430701679415023
2025-03-28 21:06:47,392 - INFO - Retrieved function: open_terminal (score: 0.2430701679415023)
2025-03-28 21:06:47,392 - INFO - Generated response for prompt: Open the system terminal
2025-03-28 21:10:20,893 - INFO - Processing prompt: Take a screenshot
2025-03-28 21:10:20,922 - INFO - Similarity search for 'Take a screenshot': matched 'Opens the Notepad application.' with score 1.3038749129309228
2025-03-28 21:10:22,466 - INFO - Generated code for prompt 'Take a screenshot': a file named test.txt create_text_filea file from https://abcd.com custom_generatedOpen the system terminal open_terminala screenshot custom_generated Getfile named test.txt create_text_file Downloadfile from https://abcd.com custom_generatedOpen the system terminal open_terminalscreenshot custom_generated Getfile named test.txt create_text_file Downloadfile from https://abcd.
2025-03-28 21:10:22,466 - INFO - Generated new code for prompt: Take a screenshot (score: 1.3038749129309228)
2025-03-28 21:10:22,466 - INFO - Generated response for prompt: Take a screenshot
2025-03-28 21:10:24,471 - INFO - Processing prompt: Get CPU usage
2025-03-28 21:10:24,489 - INFO - Similarity search for 'Get CPU usage': matched 'Returns the current CPU usage percentage.' with score 0.38458551631241433
2025-03-28 21:10:24,489 - INFO - Retrieved function: get_cpu_usage (score: 0.38458551631241433)
2025-03-28 21:10:24,489 - INFO - Generated response for prompt: Get CPU usage
2025-03-28 21:10:26,494 - INFO - Processing prompt: Create a file named test.txt
2025-03-28 21:10:26,511 - INFO - Similarity search for 'Create a file named test.txt': matched 'Creates a text file with the given filename and content.' with score 0.4890868150269948
2025-03-28 21:10:26,511 - INFO - Retrieved function: create_text_file (score: 0.4890868150269948)
2025-03-28 21:10:26,511 - INFO - Generated response for prompt: Create a file named test.txt
2025-03-28 21:10:28,517 - INFO - Processing prompt: Download a file from https://example.com
2025-03-28 21:10:28,532 - INFO - Similarity search for 'Download a file from https://example.com': matched 'Creates a text file with the given filename and content.' with score 1.6162883985854577
2025-03-28 21:10:30,172 - INFO - Generated code for prompt 'Download a file from https://example.com': a file from https://abcd.com/abcd.com/abcd.com/abcd.com/abcd.com/abcd.com/abcd.com/abcd.com/abcd.com/abcd.com/abcd.com/abcd.com/abcd.com/abcd.com/abcd.com/abcd.com/abcd.com/abcd.com/abcd
2025-03-28 21:10:30,172 - INFO - Generated new code for prompt: Download a file from https://example.com (score: 1.6162883985854577)
2025-03-28 21:10:30,172 - INFO - Generated response for prompt: Download a file from https://example.com
2025-03-28 21:10:32,176 - INFO - Processing prompt: Open the system terminal
2025-03-28 21:10:32,191 - INFO - Similarity search for 'Open the system terminal': matched 'Opens the system terminal' with score 0.2430701679415023
2025-03-28 21:10:32,191 - INFO - Retrieved function: open_terminal (score: 0.2430701679415023)
2025-03-28 21:10:32,191 - INFO - Generated response for prompt: Open the system terminal
2025-03-28 21:51:43,715 - INFO - Using device: cuda
2025-03-28 21:51:43,818 - INFO - Load pretrained SentenceTransformer: sentence-transformers/all-mpnet-base-v2
2025-03-28 21:51:52,734 - INFO - Embedding model (all-mpnet-base-v2) loaded
2025-03-28 21:51:58,291 - INFO - CodeT5-base model loaded on GPU
2025-03-28 21:51:58,670 - INFO - Anonymized telemetry enabled. See                     https://docs.trychroma.com/telemetry for more information.
2025-03-28 21:51:59,253 - INFO - Chroma vector store initialized dynamically with 8 functions: ['create_text_file', 'get_cpu_usage', 'get_ram_usage', 'open_calculator', 'open_chrome', 'open_notepad', 'open_terminal', 'run_shell_command']
2025-03-28 21:51:59,257 - INFO - API starting with device: cuda
2025-03-28 21:52:08,183 - INFO - Processing prompt: run notepad
2025-03-28 21:52:08,252 - INFO - Similarity search for 'run notepad': matched 'Opens the Notepad application.' with score 0.503517821878656
2025-03-28 21:52:08,252 - INFO - Retrieved function: open_notepad (score: 0.503517821878656)
2025-03-28 21:52:08,253 - INFO - Generated response for prompt: run notepad
2025-03-28 21:52:14,929 - INFO - Processing prompt: Get CPU usage
2025-03-28 21:52:14,968 - INFO - Similarity search for 'Get CPU usage': matched 'Returns the current CPU usage percentage.' with score 0.38458551631241433
2025-03-28 21:52:14,968 - INFO - Retrieved function: get_cpu_usage (score: 0.38458551631241433)
2025-03-28 21:52:14,969 - INFO - Generated response for prompt: Get CPU usage
2025-03-28 21:54:28,202 - INFO - Processing prompt: Get CPU usage
2025-03-28 21:54:28,296 - INFO - Similarity search for 'Get CPU usage': matched 'Returns the current CPU usage percentage.' with score 0.38458551631241433
2025-03-28 21:54:28,296 - INFO - Retrieved function: get_cpu_usage (score: 0.38458551631241433)
2025-03-28 21:54:28,297 - INFO - Generated response for prompt: Get CPU usage
2025-03-28 21:54:33,281 - INFO - Processing prompt: Get CPU usage
2025-03-28 21:54:33,312 - INFO - Similarity search for 'Get CPU usage': matched 'Returns the current CPU usage percentage.' with score 0.38458551631241433
2025-03-28 21:54:33,312 - INFO - Retrieved function: get_cpu_usage (score: 0.38458551631241433)
2025-03-28 21:54:33,312 - INFO - Generated response for prompt: Get CPU usage
2025-03-28 21:54:44,640 - INFO - Processing prompt: Get CPU usage
2025-03-28 21:54:44,667 - INFO - Similarity search for 'Get CPU usage': matched 'Returns the current CPU usage percentage.' with score 0.38458551631241433
2025-03-28 21:54:44,667 - INFO - Retrieved function: get_cpu_usage (score: 0.38458551631241433)
2025-03-28 21:54:44,667 - INFO - Generated response for prompt: Get CPU usage
2025-03-28 21:54:48,474 - INFO - Processing prompt: Get CPU usage
2025-03-28 21:54:48,501 - INFO - Similarity search for 'Get CPU usage': matched 'Returns the current CPU usage percentage.' with score 0.38458551631241433
2025-03-28 21:54:48,501 - INFO - Retrieved function: get_cpu_usage (score: 0.38458551631241433)
2025-03-28 21:54:48,502 - INFO - Generated response for prompt: Get CPU usage
2025-03-28 21:54:48,711 - INFO - Processing prompt: Create a file named myfile.txt
2025-03-28 21:54:48,793 - INFO - Similarity search for 'Create a file named myfile.txt': matched 'Creates a text file with the given filename and content.' with score 0.47610754096909674
2025-03-28 21:54:48,793 - INFO - Retrieved function: create_text_file (score: 0.47610754096909674)
2025-03-28 21:54:48,793 - INFO - Generated response for prompt: Create a file named myfile.txt
2025-03-28 21:54:49,019 - INFO - Processing prompt: Take a screenshot
2025-03-28 21:54:49,048 - INFO - Similarity search for 'Take a screenshot': matched 'Opens the Notepad application.' with score 1.3038749129309228
2025-03-28 21:54:51,850 - INFO - Generated code for prompt 'Take a screenshot': ..........................
2025-03-28 21:54:51,851 - INFO - Generated new code for prompt: Take a screenshot (score: 1.3038749129309228)
2025-03-28 21:54:51,851 - INFO - Generated response for prompt: Take a screenshot
2025-03-28 21:54:52,103 - INFO - Processing prompt: Download a file from https://example.com
2025-03-28 21:54:52,131 - INFO - Similarity search for 'Download a file from https://example.com': matched 'Creates a text file with the given filename and content.' with score 1.6162883985854577
2025-03-28 21:54:54,538 - INFO - Generated code for prompt 'Download a file from https://example.com': ..........................
2025-03-28 21:54:54,538 - INFO - Generated new code for prompt: Download a file from https://example.com (score: 1.6162883985854577)
2025-03-28 21:54:54,538 - INFO - Generated response for prompt: Download a file from https://example.com
2025-03-28 21:54:54,752 - INFO - Processing prompt: Open the system terminal
2025-03-28 21:54:54,787 - INFO - Similarity search for 'Open the system terminal': matched 'Opens the system terminal.' with score 0.3201874666475772
2025-03-28 21:54:54,787 - INFO - Retrieved function: open_terminal (score: 0.3201874666475772)
2025-03-28 21:54:54,787 - INFO - Generated response for prompt: Open the system terminal
2025-03-28 21:54:54,873 - INFO - Processing prompt: Fly to the moon
2025-03-28 21:54:54,911 - INFO - Similarity search for 'Fly to the moon': matched 'Opens Google Chrome browser to Google homepage.' with score 1.6952162981513195
2025-03-28 21:54:57,427 - INFO - Generated code for prompt 'Fly to the moon': ..........................
2025-03-28 21:54:57,428 - INFO - Generated new code for prompt: Fly to the moon (score: 1.6952162981513195)
2025-03-28 21:54:57,428 - INFO - Generated response for prompt: Fly to the moon
2025-03-28 21:56:03,653 - INFO - Processing prompt: Create a file named test.txt
2025-03-28 21:56:03,699 - INFO - Similarity search for 'Create a file named test.txt': matched 'Creates a text file with the given filename and content.' with score 0.4890868150269948
2025-03-28 21:56:03,700 - INFO - Retrieved function: create_text_file (score: 0.4890868150269948)
2025-03-28 21:56:03,700 - INFO - Generated response for prompt: Create a file named test.txt
2025-03-28 21:56:10,068 - INFO - Processing prompt: Create a file named abcd.txt
2025-03-28 21:56:10,118 - INFO - Similarity search for 'Create a file named abcd.txt': matched 'Creates a text file with the given filename and content.' with score 0.6071233775139946
2025-03-28 21:56:10,118 - INFO - Retrieved function: create_text_file (score: 0.6071233775139946)
2025-03-28 21:56:10,118 - INFO - Generated response for prompt: Create a file named abcd.txt
